<?xml version="1.0" encoding="UTF-8"?>
<testsuite xmlns:xsi="http://www.w3.org/2001/XMLSchema-instance" xsi:noNamespaceSchemaLocation="https://maven.apache.org/surefire/maven-surefire-plugin/xsd/surefire-test-report-3.0.xsd" version="3.0" name="TestSuite" time="400.642" tests="4" errors="0" skipped="0" failures="0">
  <properties>
[...]
</properties>
  <testcase name="runScenario[&quot;Validate Display of First Two Web Development Courses for Beginners&quot;, &quot;Identify Courses&quot;](1)" classname="TestRunner.testRun" time="72.781">
    <system-out><![CDATA[
Scenario: Validate Display of First Two Web Development Courses for Beginners    # Features/webDev.feature:3
Website Loaded
  Given a user is on the website homepage                                        # com.IdentifyCourses.stepDefinitions.WebDevelopment_stepDefination.userIsOnHomePage()

    Embedding Validate Display of First Two Web Development Courses for Beginners [image/png 295289 bytes]

  When the user inputs "web development courses" as the search query             # com.IdentifyCourses.stepDefinitions.WebDevelopment_stepDefination.userInputSearchQuery(java.lang.String)

    Embedding Validate Display of First Two Web Development Courses for Beginners [image/png 338917 bytes]

  And the user interacts with the search bar                                     # com.IdentifyCourses.stepDefinitions.WebDevelopment_stepDefination.userInteractsWithSearchBar()

    Embedding Validate Display of First Two Web Development Courses for Beginners [image/png 455672 bytes]

  And the user applies filters for beginners level courses                       # com.IdentifyCourses.stepDefinitions.WebDevelopment_stepDefination.userAppliesBeginnersFilter()

    Embedding Validate Display of First Two Web Development Courses for Beginners [image/png 80511 bytes]

  And the user applies filters for courses offered in English                    # com.IdentifyCourses.stepDefinitions.WebDevelopment_stepDefination.userAppliesEnglishFilter()

    Embedding Validate Display of First Two Web Development Courses for Beginners [image/png 81410 bytes]

  Then two new tabs should open, each containing details for the top two courses # com.IdentifyCourses.stepDefinitions.WebDevelopment_stepDefination.verifyTabsOpened()

    Embedding Validate Display of First Two Web Development Courses for Beginners [image/png 654370 bytes]

[48190DD5DCE33A42119A03B504476D6D, F93DE5B521B6F9BD8C9FFF497AA7D9EA, 80052D46ADFB52C1BA057928FD427102]
Heading of the Course: Introduction to Web Development
Learning Time For the Course: Approx. 10 hours to complete
Rating for the Course: 4.7
----------------------------------------------------------------------------------------------
  And the details for the first course should be validated                       # com.IdentifyCourses.stepDefinitions.WebDevelopment_stepDefination.the_details_for_the_first_course_should_be_validated()

    Embedding Validate Display of First Two Web Development Courses for Beginners [image/png 122463 bytes]

[48190DD5DCE33A42119A03B504476D6D, F93DE5B521B6F9BD8C9FFF497AA7D9EA, 80052D46ADFB52C1BA057928FD427102]
Heading of the Second Course: Meta Front-End Developer Professional Certificate
Learning Time For Second Course:7 months at 6 hours a week
Rating for the Second Course:4.7
  And the details for the second course should be validated                      # com.IdentifyCourses.stepDefinitions.WebDevelopment_stepDefination.the_details_for_the_second_course_should_be_validated()

    Embedding Validate Display of First Two Web Development Courses for Beginners [image/png 641085 bytes]

]]></system-out>
    <system-err><![CDATA[SLF4J: No SLF4J providers were found.
SLF4J: Defaulting to no-operation (NOP) logger implementation
SLF4J: See https://www.slf4j.org/codes.html#noProviders for further details.
Mar 04, 2024 11:46:14 AM org.openqa.selenium.devtools.CdpVersionFinder findNearestMatch
WARNING: Unable to find CDP implementation matching 117
Mar 04, 2024 11:46:14 AM org.openqa.selenium.chromium.ChromiumDriver lambda$new$5
WARNING: Unable to find version of CDP to use for 117.0.5938.63. You may need to include a dependency on a specific version of the CDP using something similar to `org.seleniumhq.selenium:selenium-devtools-v86:4.17.0` where the version ("v86") matches the version of the chromium-based browser you're using and the version number of the artifact is the same as Selenium's.
ERROR StatusLogger Log4j2 could not find a logging implementation. Please add log4j-core to the classpath. Using SimpleLogger to log to the console...
]]></system-err>
  </testcase>
  <testcase name="runScenario[&quot;Popular Courses Extraction&quot;, &quot;Identify Courses&quot;](2)" classname="TestRunner.testRun" time="90.243">
    <system-out><![CDATA[
Scenario: Popular Courses Extraction       # Features/webDev.feature:13
Feature is running
  Given the user is on the homepage        # com.IdentifyCourses.stepDefinitions.PrintCourses_stepDefinations.the_user_is_on_the_homepage()

    Embedding Popular Courses Extraction [image/png 295289 bytes]

  When the user explores language learning # com.IdentifyCourses.stepDefinitions.PrintCourses_stepDefinations.the_user_explores_language_learning()

    Embedding Popular Courses Extraction [image/png 295289 bytes]

  And selects popular courses              # com.IdentifyCourses.stepDefinitions.PrintCourses_stepDefinations.selects_popular_courses()

    Embedding Popular Courses Extraction [image/png 333086 bytes]

Number of items: 12
---------------------------------------------------------------------------------------------------
Course 1 Heading:English Language Skills A2-B1 CEFR: Low-Intermediate
Course 2 Heading:Learn Mandarin Chinese
Course 3 Heading:First Step Korean
Course 4 Heading:Learn Spanish: Basic Spanish Vocabulary
Course 5 Heading:Étudier en France: French Intermediate course B1-B2
Course 6 Heading:Learn to Speak Korean 1
Course 7 Heading:Learning Chinese : Start From Scratch (零到一學中文)
Course 8 Heading:English for Business and Entrepreneurship
Course 9 Heading:Business English: Basics
Course 10 Heading:Learn English: Intermediate Grammar
Course 11 Heading:Business English Communication Skills
Course 12 Heading:Improve Your English Communication Skills
---------------------------------------------------------------------------------------------------
Course 1 Level:INTERMEDIATE LEVEL
Course 2 Level:BEGINNER LEVEL
Course 3 Level:BEGINNER LEVEL
Course 4 Level:BEGINNER LEVEL
Course 5 Level:INTERMEDIATE LEVEL
Course 6 Level:BEGINNER LEVEL
Course 7 Level:BEGINNER LEVEL
Course 8 Level:BEGINNER LEVEL
No Level Assigned for Course 9
Course 10 Level:INTERMEDIATE LEVEL
Course 11 Level:INTERMEDIATE LEVEL
Course 12 Level:BEGINNER LEVEL
---------------------------------------------------------------------------------------------------
  Then validate courses and levels         # com.IdentifyCourses.stepDefinitions.PrintCourses_stepDefinations.validate_courses_and_levels()

    Embedding Popular Courses Extraction [image/png 333086 bytes]

]]></system-out>
    <system-err><![CDATA[Mar 04, 2024 11:47:22 AM org.openqa.selenium.devtools.CdpVersionFinder findNearestMatch
WARNING: Unable to find CDP implementation matching 117
Mar 04, 2024 11:47:22 AM org.openqa.selenium.chromium.ChromiumDriver lambda$new$5
WARNING: Unable to find version of CDP to use for 117.0.5938.63. You may need to include a dependency on a specific version of the CDP using something similar to `org.seleniumhq.selenium:selenium-devtools-v86:4.17.0` where the version ("v86") matches the version of the chromium-based browser you're using and the version number of the artifact is the same as Selenium's.
]]></system-err>
  </testcase>
  <testcase name="runScenario[&quot;Extract Languages from Coursera&quot;, &quot;Identify Courses&quot;](3)" classname="TestRunner.testRun" time="58.348">
    <system-out><![CDATA[
Scenario: Extract Languages from Coursera                                # Features/webDev.feature:19
  Given the user is on the coursera.org website                          # com.IdentifyCourses.stepDefinitions.extractLanguages_stepDefination.the_user_is_on_the_coursera_org_website()

    Embedding Extract Languages from Coursera [image/png 178818 bytes]

  When the user enters Language Learning in the search bar and clicks    # com.IdentifyCourses.stepDefinitions.extractLanguages_stepDefination.the_user_enters_language_learning_in_the_search_bar_and_clicks()

    Embedding Extract Languages from Coursera [image/png 348655 bytes]

  And the user clicks on Language Learning in the subject                # com.IdentifyCourses.stepDefinitions.extractLanguages_stepDefination.the_user_clicks_on_language_learning_in_the_subject()

    Embedding Extract Languages from Coursera [image/png 87299 bytes]

  And the user clicks on Show more in Languages to extract all languages # com.IdentifyCourses.stepDefinitions.extractLanguages_stepDefination.the_user_clicks_on_show_more_in_languages_to_extract_all_languages()

    Embedding Extract Languages from Coursera [image/png 117031 bytes]

Number of Languages: 23
---------------------------------------------------------------------------------------------------
Language 1: English (173)
Language 2: Chinese (China) (172)
Language 3: Spanish (170)
Language 4: French (159)
Language 5: Portuguese (Brazil) (158)
Language 6: Swedish (158)
Language 7: Arabic (157)
Language 8: Dutch (157)
Language 9: German (157)
Language 10: Greek (157)
Language 11: Hindi (157)
Language 12: Indonesian (157)
Language 13: Italian (157)
Language 14: Kazakh (157)
Language 15: Polish (157)
Language 16: Russian (157)
Language 17: Thai (157)
Language 18: Turkish (157)
Language 19: Ukrainian (157)
Language 20: Hungarian (102)
Language 21: Japanese (3)
Language 22: Korean (3)
Language 23: Chinese (Traditional) (2)
  Then the user extracts all languages                                   # com.IdentifyCourses.stepDefinitions.extractLanguages_stepDefination.the_user_extracts_all_languages()

    Embedding Extract Languages from Coursera [image/png 213583 bytes]

  And the user closes the Languages tab                                  # com.IdentifyCourses.stepDefinitions.extractLanguages_stepDefination.the_user_closes_the_languages_tab()

    Embedding Extract Languages from Coursera [image/png 436540 bytes]

  And the user scrolls down to the level section                         # com.IdentifyCourses.stepDefinitions.extractLanguages_stepDefination.the_user_scrolls_down_to_the_level_section()

    Embedding Extract Languages from Coursera [image/png 544006 bytes]

Level Count :4
---------------------------------------------------------------------------------------------------
Level 1: Beginner (80)
Level 2: Intermediate (75)
Level 3: Advanced (7)
Level 4: Mixed (50)
  Then the user extracts all levels                                      # com.IdentifyCourses.stepDefinitions.extractLanguages_stepDefination.the_user_extracts_all_levels()

    Embedding Extract Languages from Coursera [image/png 550650 bytes]

]]></system-out>
    <system-err><![CDATA[Mar 04, 2024 11:48:52 AM org.openqa.selenium.devtools.CdpVersionFinder findNearestMatch
WARNING: Unable to find CDP implementation matching 117
Mar 04, 2024 11:48:52 AM org.openqa.selenium.chromium.ChromiumDriver lambda$new$5
WARNING: Unable to find version of CDP to use for 117.0.5938.63. You may need to include a dependency on a specific version of the CDP using something similar to `org.seleniumhq.selenium:selenium-devtools-v86:4.17.0` where the version ("v86") matches the version of the chromium-based browser you're using and the version number of the artifact is the same as Selenium's.
]]></system-err>
  </testcase>
  <testcase name="runScenario[&quot;Invalid Email Login&quot;, &quot;Identify Courses&quot;](4)" classname="TestRunner.testRun" time="170.452">
    <system-out><![CDATA[
Scenario: Invalid Email Login                                                                                       # Features/webDev.feature:29
Scenario 3 Started
  Given the user is on the Coursera homepage                                                                        # com.IdentifyCourses.stepDefinitions.InvalidDisplay_stepDefination.the_user_is_on_the_coursera_homepage()

    Embedding Invalid Email Login [image/png 295289 bytes]

  When the user navigates to For Enterprise then to Solutions then to Coursera for Campus and finally to Contact Us # com.IdentifyCourses.stepDefinitions.InvalidDisplay_stepDefination.the_user_navigates_to_for_enterprise_then_to_solutions_then_to_coursera_for_campus_and_finally_to_contact_us()

    Embedding Invalid Email Login [image/png 818280 bytes]

  Then the user should be on the Contact Us page                                                                    # com.IdentifyCourses.stepDefinitions.InvalidDisplay_stepDefination.the_user_should_be_on_the_contact_us_page()

    Embedding Invalid Email Login [image/png 78301 bytes]

  When the user fills the Contact Us form with an invalid email address                                             # com.IdentifyCourses.stepDefinitions.InvalidDisplay_stepDefination.the_user_fills_the_contact_us_form_with_an_invalid_email_address()

    Embedding Invalid Email Login [image/png 141116 bytes]

  And clicks the Submit button                                                                                      # com.IdentifyCourses.stepDefinitions.InvalidDisplay_stepDefination.clicks_the_submit_button()

    Embedding Invalid Email Login [image/png 120756 bytes]

Captured Error Message :Must be valid email.
example@yourdomain.com
  Then the user should see an error message related to the invalid email input                                      # com.IdentifyCourses.stepDefinitions.InvalidDisplay_stepDefination.the_user_should_see_an_error_message_related_to_the_invalid_email_input()

    Embedding Invalid Email Login [image/png 121369 bytes]

]]></system-out>
    <system-err><![CDATA[Mar 04, 2024 11:49:51 AM org.openqa.selenium.devtools.CdpVersionFinder findNearestMatch
WARNING: Unable to find CDP implementation matching 117
Mar 04, 2024 11:49:51 AM org.openqa.selenium.chromium.ChromiumDriver lambda$new$5
WARNING: Unable to find version of CDP to use for 117.0.5938.63. You may need to include a dependency on a specific version of the CDP using something similar to `org.seleniumhq.selenium:selenium-devtools-v86:4.17.0` where the version ("v86") matches the version of the chromium-based browser you're using and the version number of the artifact is the same as Selenium's.
]]></system-err>
  </testcase>
</testsuite>