<?xml version="1.0" encoding="UTF-8"?>
<testng-results ignored="0" total="4" passed="4" failed="0" skipped="0">
  <reporter-output>
  </reporter-output>
  <suite started-at="2024-03-04T11:45:52 IST" name="Suite" finished-at="2024-03-04T11:52:30 IST" duration-ms="398015">
    <groups>
      <group name="cucumber">
        <method signature="AbstractTestNGCucumberTests.runScenario(io.cucumber.testng.PickleWrapper,io.cucumber.testng.FeatureWrapper)[pri:0, instance:TestRunner.testRun@548a24a]" name="runScenario" class="io.cucumber.testng.AbstractTestNGCucumberTests"/>
      </group> <!-- cucumber -->
    </groups>
    <test started-at="2024-03-04T11:45:52 IST" name="Test" finished-at="2024-03-04T11:52:30 IST" duration-ms="398015">
      <class name="TestRunner.testRun">
        <test-method is-config="true" signature="setUpClass(org.testng.ITestContext)[pri:0, instance:TestRunner.testRun@548a24a]" started-at="2024-03-04T11:45:52 IST" name="setUpClass" finished-at="2024-03-04T11:45:55 IST" duration-ms="3014" status="PASS">
          <params>
            <param index="0">
              <value>
                <![CDATA[org.testng.TestRunner@5906ebfb]]>
              </value>
            </param>
          </params>
          <reporter-output>
          </reporter-output>
        </test-method> <!-- setUpClass -->
        <test-method signature="runScenario(io.cucumber.testng.PickleWrapper,io.cucumber.testng.FeatureWrapper)[pri:0, instance:TestRunner.testRun@548a24a]" started-at="2024-03-04T11:45:55 IST" name="runScenario" description="Runs Cucumber Scenarios" data-provider="scenarios" finished-at="2024-03-04T11:47:08 IST" duration-ms="72780" status="PASS">
          <params>
            <param index="0">
              <value>
                <![CDATA["Validate Display of First Two Web Development Courses for Beginners"]]>
              </value>
            </param>
            <param index="1">
              <value>
                <![CDATA["Identify Courses"]]>
              </value>
            </param>
          </params>
          <reporter-output>
          </reporter-output>
        </test-method> <!-- runScenario -->
        <test-method signature="runScenario(io.cucumber.testng.PickleWrapper,io.cucumber.testng.FeatureWrapper)[pri:0, instance:TestRunner.testRun@548a24a]" started-at="2024-03-04T11:47:08 IST" name="runScenario" description="Runs Cucumber Scenarios" data-provider="scenarios" finished-at="2024-03-04T11:48:38 IST" duration-ms="90246" status="PASS">
          <params>
            <param index="0">
              <value>
                <![CDATA["Popular Courses Extraction"]]>
              </value>
            </param>
            <param index="1">
              <value>
                <![CDATA["Identify Courses"]]>
              </value>
            </param>
          </params>
          <reporter-output>
          </reporter-output>
        </test-method> <!-- runScenario -->
        <test-method signature="runScenario(io.cucumber.testng.PickleWrapper,io.cucumber.testng.FeatureWrapper)[pri:0, instance:TestRunner.testRun@548a24a]" started-at="2024-03-04T11:48:38 IST" name="runScenario" description="Runs Cucumber Scenarios" data-provider="scenarios" finished-at="2024-03-04T11:49:37 IST" duration-ms="58348" status="PASS">
          <params>
            <param index="0">
              <value>
                <![CDATA["Extract Languages from Coursera"]]>
              </value>
            </param>
            <param index="1">
              <value>
                <![CDATA["Identify Courses"]]>
              </value>
            </param>
          </params>
          <reporter-output>
          </reporter-output>
        </test-method> <!-- runScenario -->
        <test-method signature="runScenario(io.cucumber.testng.PickleWrapper,io.cucumber.testng.FeatureWrapper)[pri:0, instance:TestRunner.testRun@548a24a]" started-at="2024-03-04T11:49:37 IST" name="runScenario" description="Runs Cucumber Scenarios" data-provider="scenarios" finished-at="2024-03-04T11:52:27 IST" duration-ms="170454" status="PASS">
          <params>
            <param index="0">
              <value>
                <![CDATA["Invalid Email Login"]]>
              </value>
            </param>
            <param index="1">
              <value>
                <![CDATA["Identify Courses"]]>
              </value>
            </param>
          </params>
          <reporter-output>
          </reporter-output>
        </test-method> <!-- runScenario -->
        <test-method is-config="true" signature="tearDownClass()[pri:0, instance:TestRunner.testRun@548a24a]" started-at="2024-03-04T11:52:27 IST" name="tearDownClass" finished-at="2024-03-04T11:52:30 IST" duration-ms="3007" status="PASS">
          <reporter-output>
          </reporter-output>
        </test-method> <!-- tearDownClass -->
      </class> <!-- TestRunner.testRun -->
    </test> <!-- Test -->
  </suite> <!-- Suite -->
</testng-results>
