<?xml version="1.0" encoding="UTF-8"?>
<testng-results ignored="0" total="12" passed="12" failed="0" skipped="0">
  <reporter-output>
  </reporter-output>
  <suite started-at="2024-03-04T16:56:30 IST" name="Default suite" finished-at="2024-03-04T17:06:27 IST" duration-ms="596506">
    <groups>
      <group name="cucumber">
        <method signature="AbstractTestNGCucumberTests.runScenario(io.cucumber.testng.PickleWrapper,io.cucumber.testng.FeatureWrapper)[pri:0, instance:TestRunner.testRun@4b45a2f5]" name="runScenario" class="io.cucumber.testng.AbstractTestNGCucumberTests"/>
      </group> <!-- cucumber -->
    </groups>
    <test started-at="2024-03-04T16:56:30 IST" name="Default test" finished-at="2024-03-04T17:06:27 IST" duration-ms="596506">
      <class name="TestRunner.testRun">
        <test-method is-config="true" signature="setUpClass(org.testng.ITestContext)[pri:0, instance:TestRunner.testRun@4b45a2f5]" started-at="2024-03-04T16:56:30 IST" name="setUpClass" finished-at="2024-03-04T16:56:32 IST" duration-ms="1589" status="PASS">
          <params>
            <param index="0">
              <value>
                <![CDATA[org.testng.TestRunner@7dd2a5f7]]>
              </value>
            </param>
          </params>
          <reporter-output>
          </reporter-output>
        </test-method> <!-- setUpClass -->
        <test-method signature="runScenario(io.cucumber.testng.PickleWrapper,io.cucumber.testng.FeatureWrapper)[pri:0, instance:TestRunner.testRun@4b45a2f5]" started-at="2024-03-04T16:56:32 IST" name="runScenario" description="Runs Cucumber Scenarios" data-provider="scenarios" finished-at="2024-03-04T16:57:09 IST" duration-ms="37325" status="PASS">
          <params>
            <param index="0">
              <value>
                <![CDATA["Search For Courses"]]>
              </value>
            </param>
            <param index="1">
              <value>
                <![CDATA["Regression testing"]]>
              </value>
            </param>
          </params>
          <reporter-output>
          </reporter-output>
        </test-method> <!-- runScenario -->
        <test-method signature="runScenario(io.cucumber.testng.PickleWrapper,io.cucumber.testng.FeatureWrapper)[pri:0, instance:TestRunner.testRun@4b45a2f5]" started-at="2024-03-04T16:57:09 IST" name="runScenario" description="Runs Cucumber Scenarios" data-provider="scenarios" finished-at="2024-03-04T16:58:02 IST" duration-ms="52869" status="PASS">
          <params>
            <param index="0">
              <value>
                <![CDATA["Extracting course details"]]>
              </value>
            </param>
            <param index="1">
              <value>
                <![CDATA["Regression testing"]]>
              </value>
            </param>
          </params>
          <reporter-output>
          </reporter-output>
        </test-method> <!-- runScenario -->
        <test-method signature="runScenario(io.cucumber.testng.PickleWrapper,io.cucumber.testng.FeatureWrapper)[pri:0, instance:TestRunner.testRun@4b45a2f5]" started-at="2024-03-04T16:58:02 IST" name="runScenario" description="Runs Cucumber Scenarios" data-provider="scenarios" finished-at="2024-03-04T16:58:40 IST" duration-ms="37540" status="PASS">
          <params>
            <param index="0">
              <value>
                <![CDATA["Launch Browser"]]>
              </value>
            </param>
            <param index="1">
              <value>
                <![CDATA["Smoke Testing"]]>
              </value>
            </param>
          </params>
          <reporter-output>
          </reporter-output>
        </test-method> <!-- runScenario -->
        <test-method signature="runScenario(io.cucumber.testng.PickleWrapper,io.cucumber.testng.FeatureWrapper)[pri:0, instance:TestRunner.testRun@4b45a2f5]" started-at="2024-03-04T16:58:40 IST" name="runScenario" description="Runs Cucumber Scenarios" data-provider="scenarios" finished-at="2024-03-04T16:59:17 IST" duration-ms="37159" status="PASS">
          <params>
            <param index="0">
              <value>
                <![CDATA["Validate search box"]]>
              </value>
            </param>
            <param index="1">
              <value>
                <![CDATA["Smoke Testing"]]>
              </value>
            </param>
          </params>
          <reporter-output>
          </reporter-output>
        </test-method> <!-- runScenario -->
        <test-method signature="runScenario(io.cucumber.testng.PickleWrapper,io.cucumber.testng.FeatureWrapper)[pri:0, instance:TestRunner.testRun@4b45a2f5]" started-at="2024-03-04T16:59:17 IST" name="runScenario" description="Runs Cucumber Scenarios" data-provider="scenarios" finished-at="2024-03-04T17:00:03 IST" duration-ms="46211" status="PASS">
          <params>
            <param index="0">
              <value>
                <![CDATA["Validate Search Icon"]]>
              </value>
            </param>
            <param index="1">
              <value>
                <![CDATA["Smoke Testing"]]>
              </value>
            </param>
          </params>
          <reporter-output>
          </reporter-output>
        </test-method> <!-- runScenario -->
        <test-method signature="runScenario(io.cucumber.testng.PickleWrapper,io.cucumber.testng.FeatureWrapper)[pri:0, instance:TestRunner.testRun@4b45a2f5]" started-at="2024-03-04T17:00:03 IST" name="runScenario" description="Runs Cucumber Scenarios" data-provider="scenarios" finished-at="2024-03-04T17:00:47 IST" duration-ms="43623" status="PASS">
          <params>
            <param index="0">
              <value>
                <![CDATA["Validate first navigation links"]]>
              </value>
            </param>
            <param index="1">
              <value>
                <![CDATA["Smoke Testing"]]>
              </value>
            </param>
          </params>
          <reporter-output>
          </reporter-output>
        </test-method> <!-- runScenario -->
        <test-method signature="runScenario(io.cucumber.testng.PickleWrapper,io.cucumber.testng.FeatureWrapper)[pri:0, instance:TestRunner.testRun@4b45a2f5]" started-at="2024-03-04T17:00:47 IST" name="runScenario" description="Runs Cucumber Scenarios" data-provider="scenarios" finished-at="2024-03-04T17:01:43 IST" duration-ms="56677" status="PASS">
          <params>
            <param index="0">
              <value>
                <![CDATA["Validate second navigation links"]]>
              </value>
            </param>
            <param index="1">
              <value>
                <![CDATA["Smoke Testing"]]>
              </value>
            </param>
          </params>
          <reporter-output>
          </reporter-output>
        </test-method> <!-- runScenario -->
        <test-method signature="runScenario(io.cucumber.testng.PickleWrapper,io.cucumber.testng.FeatureWrapper)[pri:0, instance:TestRunner.testRun@4b45a2f5]" started-at="2024-03-04T17:01:43 IST" name="runScenario" description="Runs Cucumber Scenarios" data-provider="scenarios" finished-at="2024-03-04T17:02:39 IST" duration-ms="55870" status="PASS">
          <params>
            <param index="0">
              <value>
                <![CDATA["Validate third navigation links"]]>
              </value>
            </param>
            <param index="1">
              <value>
                <![CDATA["Smoke Testing"]]>
              </value>
            </param>
          </params>
          <reporter-output>
          </reporter-output>
        </test-method> <!-- runScenario -->
        <test-method signature="runScenario(io.cucumber.testng.PickleWrapper,io.cucumber.testng.FeatureWrapper)[pri:0, instance:TestRunner.testRun@4b45a2f5]" started-at="2024-03-04T17:02:39 IST" name="runScenario" description="Runs Cucumber Scenarios" data-provider="scenarios" finished-at="2024-03-04T17:03:34 IST" duration-ms="54393" status="PASS">
          <params>
            <param index="0">
              <value>
                <![CDATA["Validate Display of First Two Web Development Courses for Beginners"]]>
              </value>
            </param>
            <param index="1">
              <value>
                <![CDATA["Identify Courses"]]>
              </value>
            </param>
          </params>
          <reporter-output>
          </reporter-output>
        </test-method> <!-- runScenario -->
        <test-method signature="runScenario(io.cucumber.testng.PickleWrapper,io.cucumber.testng.FeatureWrapper)[pri:0, instance:TestRunner.testRun@4b45a2f5]" started-at="2024-03-04T17:03:34 IST" name="runScenario" description="Runs Cucumber Scenarios" data-provider="scenarios" finished-at="2024-03-04T17:04:20 IST" duration-ms="46076" status="PASS">
          <params>
            <param index="0">
              <value>
                <![CDATA["Popular Courses Extraction"]]>
              </value>
            </param>
            <param index="1">
              <value>
                <![CDATA["Identify Courses"]]>
              </value>
            </param>
          </params>
          <reporter-output>
          </reporter-output>
        </test-method> <!-- runScenario -->
        <test-method signature="runScenario(io.cucumber.testng.PickleWrapper,io.cucumber.testng.FeatureWrapper)[pri:0, instance:TestRunner.testRun@4b45a2f5]" started-at="2024-03-04T17:04:20 IST" name="runScenario" description="Runs Cucumber Scenarios" data-provider="scenarios" finished-at="2024-03-04T17:05:11 IST" duration-ms="51825" status="PASS">
          <params>
            <param index="0">
              <value>
                <![CDATA["Extract Languages from Coursera"]]>
              </value>
            </param>
            <param index="1">
              <value>
                <![CDATA["Identify Courses"]]>
              </value>
            </param>
          </params>
          <reporter-output>
          </reporter-output>
        </test-method> <!-- runScenario -->
        <test-method signature="runScenario(io.cucumber.testng.PickleWrapper,io.cucumber.testng.FeatureWrapper)[pri:0, instance:TestRunner.testRun@4b45a2f5]" started-at="2024-03-04T17:05:11 IST" name="runScenario" description="Runs Cucumber Scenarios" data-provider="scenarios" finished-at="2024-03-04T17:06:06 IST" duration-ms="54536" status="PASS">
          <params>
            <param index="0">
              <value>
                <![CDATA["Invalid Email Login"]]>
              </value>
            </param>
            <param index="1">
              <value>
                <![CDATA["Identify Courses"]]>
              </value>
            </param>
          </params>
          <reporter-output>
          </reporter-output>
        </test-method> <!-- runScenario -->
        <test-method is-config="true" signature="tearDownClass()[pri:0, instance:TestRunner.testRun@4b45a2f5]" started-at="2024-03-04T17:06:06 IST" name="tearDownClass" finished-at="2024-03-04T17:06:27 IST" duration-ms="20730" status="PASS">
          <reporter-output>
          </reporter-output>
        </test-method> <!-- tearDownClass -->
      </class> <!-- TestRunner.testRun -->
    </test> <!-- Default test -->
  </suite> <!-- Default suite -->
</testng-results>
